<?xml version="1.0" encoding="UTF-8"?>
<!-- Generated by org.testng.reporters.JUnitReportReporter -->
<testsuite hostname="SasuKe" failures="0" tests="3" name="parameterization.TestParameterization" time="0.009" errors="0" timestamp="2021-10-30T23:29:23 FJT" skipped="0">
  <testcase classname="parameterization.TestParameterization" name="doLogin" time="0.006"/>
  <system-out/>
  <testcase classname="parameterization.TestParameterization" name="doLogin" time="0.002"/>
  <system-out/>
  <testcase classname="parameterization.TestParameterization" name="doLogin" time="0.001"/>
  <system-out/>
</testsuite> <!-- parameterization.TestParameterization -->
