<?xml version="1.0" encoding="UTF-8"?>
<!-- Generated by org.testng.reporters.JUnitReportReporter -->
<testsuite hostname="SasuKe" failures="0" tests="1" name="testcases.TestCase3" time="0.001" errors="0" timestamp="2021-10-30T15:41:15 FJT" skipped="0">
  <testcase classname="testcases.TestCase3" name="fourthTest" time="0.001"/>
  <system-out/>
</testsuite> <!-- testcases.TestCase3 -->
