<?xml version="1.0" encoding="UTF-8"?>
<!-- Generated by org.testng.reporters.JUnitReportReporter -->
<testsuite hostname="SasuKe" failures="0" tests="2" name="parameterization.TestParamsFromXML" time="0.010" errors="0" timestamp="2021-10-31T12:10:33 FJT" skipped="0">
  <testcase classname="parameterization.TestParamsFromXML" name="getBrowser" time="0.002"/>
  <system-out/>
  <testcase classname="parameterization.TestParamsFromXML" name="getBrowser" time="0.008"/>
  <system-out/>
</testsuite> <!-- parameterization.TestParamsFromXML -->
