<?xml version="1.0" encoding="UTF-8"?>
<!-- Generated by org.testng.reporters.JUnitReportReporter -->
<testsuite hostname="SasuKe" failures="0" tests="2" name="parallelTest.ParallelDataProvider" time="4.066" errors="0" timestamp="2021-10-31T14:51:47 FJT" skipped="0">
  <testcase classname="parallelTest.ParallelDataProvider" name="doLogin" time="2.033"/>
  <system-out/>
  <testcase classname="parallelTest.ParallelDataProvider" name="doLogin" time="2.033"/>
  <system-out/>
</testsuite> <!-- parallelTest.ParallelDataProvider -->
