<?xml version="1.0" encoding="UTF-8"?>
<!-- Generated by org.testng.reporters.JUnitReportReporter -->
<testsuite hostname="SasuKe" failures="0" tests="4" name="TestNGParameterizationExcel" time="0.009" errors="0" timestamp="2021-10-31T11:21:51 FJT" skipped="0">
  <testcase classname="TestNGParameterizationExcel" name="testData" time="0.001"/>
  <system-out/>
  <testcase classname="TestNGParameterizationExcel" name="testData" time="0.002"/>
  <system-out/>
  <testcase classname="TestNGParameterizationExcel" name="testData" time="0.002"/>
  <system-out/>
  <testcase classname="TestNGParameterizationExcel" name="testData" time="0.004"/>
  <system-out/>
</testsuite> <!-- TestNGParameterizationExcel -->
