<?xml version="1.0" encoding="UTF-8"?>
<!-- Generated by org.testng.reporters.JUnitReportReporter -->
<testsuite hostname="SasuKe" failures="0" tests="2" name="testcases.TestCase1" time="0.025" errors="0" timestamp="2021-10-30T17:20:41 FJT" skipped="0">
  <testcase classname="testcases.TestCase1" name="doUserReg" time="0.008"/>
  <system-out/>
  <testcase classname="testcases.TestCase1" name="doLogin" time="0.017"/>
  <system-out/>
</testsuite> <!-- testcases.TestCase1 -->
