<?xml version="1.0" encoding="UTF-8"?>
<!-- Generated by org.testng.reporters.JUnitReportReporter -->
<testsuite hostname="SasuKe" failures="0" tests="2" name="parallelTest.TestBrowser" time="0.503" errors="0" timestamp="2021-10-31T14:09:12 FJT" skipped="0">
  <testcase classname="parallelTest.TestBrowser" name="doLogin" time="0.247"/>
  <system-out/>
  <testcase classname="parallelTest.TestBrowser" name="doLogin" time="0.256"/>
  <system-out/>
</testsuite> <!-- parallelTest.TestBrowser -->
