<?xml version="1.0" encoding="UTF-8"?>
<!-- Generated by org.testng.reporters.JUnitReportReporter -->
<testsuite hostname="SasuKe" failures="0" tests="4" name="LoginTest" time="0.011" errors="0" timestamp="2021-10-31T11:54:36 FJT" skipped="0">
  <testcase classname="LoginTest" name="testLogin" time="0.001"/>
  <system-out/>
  <testcase classname="LoginTest" name="testLogin" time="0.007"/>
  <system-out/>
  <testcase classname="LoginTest" name="testUserReg" time="0.001"/>
  <system-out/>
  <testcase classname="LoginTest" name="testUserReg" time="0.002"/>
  <system-out/>
</testsuite> <!-- LoginTest -->
