<?xml version="1.0" encoding="UTF-8"?>
<!-- Generated by org.testng.reporters.JUnitReportReporter -->
<testsuite hostname="SasuKe" failures="0" tests="2" name="testcases.TestCase1" time="0.035" errors="0" timestamp="2021-10-30T14:00:53 FJT" skipped="0">
  <testcase classname="testcases.TestCase1" name="doUserReg" time="0.028"/>
  <system-out/>
  <testcase classname="testcases.TestCase1" name="doLogin" time="0.007"/>
  <system-out/>
</testsuite> <!-- testcases.TestCase1 -->
